Aenean           22
justo            15
eget             14
enim             14
eu               14
quis             14
ultricies        13
nisi             12
Donec            10
dolor            10
felis            10
massa            10
nec              10
pede             10
pretium          10
a                 9
consequat         9
imperdiet         9
ligula            9
ut                9
vel               9
vitae             9
vulputate         9
dapibus           8
eleifend          8
tellus            8
viverra           8
Cum               5
In                5
Lorem             5
Nulla             5
Nullam            5
adipiscing        5
aliquet           5
amet              5
arcu              5
commodo           5
consectetuer      5
dictum            5
dis               5
elit              5
et                5
fringilla         5
ipsum             5
magnis            5
mollis            5
montes            5
mus               5
nascetur          5
natoque           5
parturient        5
pellentesque      5
penatibus         5
quam              5
rhoncus           5
ridiculus         5
sem               5
sit               5
sociis            5
venenatis         5
Aliquam           4
Cras              4
Curabitur         4
Etiam             4
Integer           4
Nam               4
Phasellus         4
Quisque           4
Vivamus           4
ac                4
ante              4
augue             4
dui               4
elementum         4
feugiat           4
in                4
laoreet           4
leo               4
lorem             4
metus             4
nulla             4
porttitor         4
rutrum            4
semper            4
tincidunt         4
ullamcorper       4
varius            4
